
Mar 20, 2016 17:22:28.96 NEW SESSION
Mar 20, 2016 17:22:28.96 
Mar 20, 2016 17:22:28.96 (firefox:13885): GLib-GObject-WARNING **: Attempt to add property GnomeProgram::sm-connect after class was initialised
Mar 20, 2016 17:22:28.97 
Mar 20, 2016 17:22:28.97 (firefox:13885): GLib-GObject-WARNING **: Attempt to add property GnomeProgram::show-crash-dialog after class was initialised
Mar 20, 2016 17:22:28.97 
Mar 20, 2016 17:22:28.97 (firefox:13885): GLib-GObject-WARNING **: Attempt to add property GnomeProgram::display after class was initialised
Mar 20, 2016 17:22:28.97 
Mar 20, 2016 17:22:28.97 (firefox:13885): GLib-GObject-WARNING **: Attempt to add property GnomeProgram::default-icon after class was initialised
Mar 20, 2016 17:22:37.51 
Mar 20, 2016 17:22:37.51 (firefox:13937): GLib-GObject-WARNING **: Attempt to add property GnomeProgram::sm-connect after class was initialised
Mar 20, 2016 17:22:37.52 
Mar 20, 2016 17:22:37.52 (firefox:13937): GLib-GObject-WARNING **: Attempt to add property GnomeProgram::show-crash-dialog after class was initialised
Mar 20, 2016 17:22:37.52 
Mar 20, 2016 17:22:37.52 (firefox:13937): GLib-GObject-WARNING **: Attempt to add property GnomeProgram::display after class was initialised
Mar 20, 2016 17:22:37.52 
Mar 20, 2016 17:22:37.52 (firefox:13937): GLib-GObject-WARNING **: Attempt to add property GnomeProgram::default-icon after class was initialised
Mar 20, 2016 20:27:55.10 
Mar 20, 2016 20:27:55.10 (process:28118): GLib-CRITICAL **: g_path_get_basename: assertion 'file_name != NULL' failed

Mar 21, 2016 24:29:09.50 NEW SESSION
Mar 21, 2016 24:29:09.50 
Mar 21, 2016 24:29:09.52 (firefox:6147): GLib-GObject-WARNING **: Attempt to add property GnomeProgram::sm-connect after class was initialised
Mar 21, 2016 24:29:09.52 
Mar 21, 2016 24:29:09.52 (firefox:6147): GLib-GObject-WARNING **: Attempt to add property GnomeProgram::show-crash-dialog after class was initialised
Mar 21, 2016 24:29:09.52 
Mar 21, 2016 24:29:09.52 (firefox:6147): GLib-GObject-WARNING **: Attempt to add property GnomeProgram::display after class was initialised
Mar 21, 2016 24:29:09.52 
Mar 21, 2016 24:29:09.52 (firefox:6147): GLib-GObject-WARNING **: Attempt to add property GnomeProgram::default-icon after class was initialised
Mar 21, 2016 24:29:20.17 
Mar 21, 2016 24:29:20.18 (firefox:6199): GLib-GObject-WARNING **: Attempt to add property GnomeProgram::sm-connect after class was initialised
Mar 21, 2016 24:29:20.18 
Mar 21, 2016 24:29:20.18 (firefox:6199): GLib-GObject-WARNING **: Attempt to add property GnomeProgram::show-crash-dialog after class was initialised
Mar 21, 2016 24:29:20.19 
Mar 21, 2016 24:29:20.19 (firefox:6199): GLib-GObject-WARNING **: Attempt to add property GnomeProgram::display after class was initialised
Mar 21, 2016 24:29:20.19 
Mar 21, 2016 24:29:20.19 (firefox:6199): GLib-GObject-WARNING **: Attempt to add property GnomeProgram::default-icon after class was initialised
Mar 21, 2016 24:33:08.57 
Mar 21, 2016 24:33:08.57 (process:6323): GLib-CRITICAL **: g_path_get_basename: assertion 'file_name != NULL' failed
Mar 21, 2016 24:37:59.21 
Mar 21, 2016 24:37:59.21 (firefox:6199): Gtk-CRITICAL **: IA__gtk_clipboard_set_with_data: assertion 'targets != NULL' failed
